2020-05-01 09:04:33,638 - root - INFO - ** Kedro project COVID Modeling Data Collaborative
2020-05-01 09:04:33,638 - root - INFO - Defined global variable `context` and `catalog`
2020-05-01 09:05:56,853 - root - INFO - ** Kedro project COVID Modeling Data Collaborative
2020-05-01 09:05:56,854 - root - INFO - Defined global variable `context` and `catalog`
2020-05-01 09:06:45,216 - root - INFO - ** Kedro project COVID Modeling Data Collaborative
2020-05-01 09:06:45,217 - root - INFO - Defined global variable `context` and `catalog`
2020-05-01 09:07:23,039 - root - INFO - ** Kedro project COVID Modeling Data Collaborative
2020-05-01 09:07:23,040 - root - INFO - Defined global variable `context` and `catalog`
2020-05-01 09:07:23,258 - root - INFO - Registered line magic `run_viz`
2020-05-01 16:48:58,609 - root - INFO - ** Kedro project COVID Modeling Data Collaborative
2020-05-01 16:48:58,610 - root - INFO - Defined global variable `context` and `catalog`
2020-05-01 16:48:58,869 - root - INFO - Registered line magic `run_viz`
2020-05-02 18:11:56,441 - root - INFO - ** Kedro project COVID Modeling Data Collaborative
2020-05-02 18:11:56,442 - root - INFO - Defined global variable `context` and `catalog`
2020-05-02 18:11:56,672 - root - INFO - Registered line magic `run_viz`
2020-05-02 18:12:21,679 - root - INFO - ** Kedro project COVID Modeling Data Collaborative
2020-05-02 18:12:21,679 - root - INFO - Defined global variable `context` and `catalog`
2020-05-02 18:12:21,685 - root - INFO - Registered line magic `run_viz`
2020-05-05 11:23:35,818 - root - INFO - ** Kedro project COVID Modeling Data Collaborative
2020-05-05 11:23:35,818 - root - INFO - Defined global variable `context` and `catalog`
2020-05-05 11:23:52,750 - root - INFO - ** Kedro project COVID Modeling Data Collaborative
2020-05-05 11:23:52,751 - root - INFO - Defined global variable `context` and `catalog`
2020-05-05 11:23:52,981 - root - INFO - Registered line magic `run_viz`
2020-05-05 11:24:34,861 - root - INFO - ** Kedro project COVID Modeling Data Collaborative
2020-05-05 11:24:34,861 - root - INFO - Defined global variable `context` and `catalog`
2020-05-05 11:24:34,868 - root - INFO - Registered line magic `run_viz`
2020-05-05 11:26:59,953 - root - INFO - ** Kedro project COVID Modeling Data Collaborative
2020-05-05 11:26:59,953 - root - INFO - Defined global variable `context` and `catalog`
2020-05-05 11:26:59,960 - root - INFO - Registered line magic `run_viz`
2020-05-05 11:32:07,905 - root - INFO - ** Kedro project COVID Modeling Data Collaborative
2020-05-05 11:32:07,905 - root - INFO - Defined global variable `context` and `catalog`
2020-05-05 11:32:07,912 - root - INFO - Registered line magic `run_viz`
2020-05-05 11:32:35,308 - root - INFO - ** Kedro project COVID Modeling Data Collaborative
2020-05-05 11:32:35,308 - root - INFO - Defined global variable `context` and `catalog`
2020-05-05 11:32:35,317 - root - INFO - Registered line magic `run_viz`
2020-05-05 11:33:19,316 - root - INFO - ** Kedro project COVID Modeling Data Collaborative
2020-05-05 11:33:19,316 - root - INFO - Defined global variable `context` and `catalog`
2020-05-05 11:33:19,323 - root - INFO - Registered line magic `run_viz`
2020-05-05 11:36:17,041 - root - INFO - ** Kedro project COVID Modeling Data Collaborative
2020-05-05 11:36:17,041 - root - INFO - Defined global variable `context` and `catalog`
2020-05-05 11:36:17,050 - root - INFO - Registered line magic `run_viz`
2020-05-05 11:38:09,957 - root - INFO - ** Kedro project COVID Modeling Data Collaborative
2020-05-05 11:38:09,958 - root - INFO - Defined global variable `context` and `catalog`
2020-05-05 11:38:09,966 - root - INFO - Registered line magic `run_viz`
2020-05-05 11:39:39,835 - root - INFO - ** Kedro project COVID Modeling Data Collaborative
2020-05-05 11:39:39,835 - root - INFO - Defined global variable `context` and `catalog`
2020-05-05 11:39:39,841 - root - INFO - Registered line magic `run_viz`
2020-05-05 11:40:55,813 - root - INFO - ** Kedro project COVID Modeling Data Collaborative
2020-05-05 11:40:55,814 - root - INFO - Defined global variable `context` and `catalog`
2020-05-05 11:40:56,044 - root - INFO - Registered line magic `run_viz`
2020-05-05 11:48:58,801 - root - INFO - ** Kedro project COVID Modeling Data Collaborative
2020-05-05 11:48:58,801 - root - INFO - Defined global variable `context` and `catalog`
2020-05-05 11:48:58,807 - root - INFO - Registered line magic `run_viz`
2020-05-05 11:57:10,842 - root - INFO - ** Kedro project COVID Modeling Data Collaborative
2020-05-05 11:57:10,842 - root - INFO - Defined global variable `context` and `catalog`
2020-05-05 11:57:11,066 - root - INFO - Registered line magic `run_viz`
2020-05-05 11:57:53,677 - prefect.Flow: jhu_locations - INFO - Waiting for next scheduled run at 2020-05-06T12:10:00+00:00
2020-05-05 11:59:51,451 - root - INFO - ** Kedro project COVID Modeling Data Collaborative
2020-05-05 11:59:51,451 - root - INFO - Defined global variable `context` and `catalog`
2020-05-05 11:59:51,698 - root - INFO - Registered line magic `run_viz`
2020-05-05 11:59:56,328 - prefect.Flow: jhu_locations - INFO - Waiting for next scheduled run at 2020-05-06T12:10:00+00:00
2020-05-05 12:00:46,378 - root - INFO - ** Kedro project COVID Modeling Data Collaborative
2020-05-05 12:00:46,379 - root - INFO - Defined global variable `context` and `catalog`
2020-05-05 12:00:46,610 - root - INFO - Registered line magic `run_viz`
2020-05-05 12:00:52,561 - prefect.Flow: jhu_daily - INFO - Waiting for next scheduled run at 2020-05-06T12:10:00+00:00
